[2021-09-09 11:53:51] local.ERROR: SQLSTATE[HY000] [1045] Access denied for user 'root'@'localhost' (using password: YES) (SQL: SELECT column_name AS "column_name",data_type AS "data_type",column_type AS "column_type" FROM information_schema.columns WHERE table_schema=:database AND table_name=:table) {"exception":"[object] (Illuminate\\Database\\QueryException(code: 1045): SQLSTATE[HY000] [1045] Access denied for user 'root'@'localhost' (using password: YES) (SQL: SELECT column_name AS \"column_name\",data_type AS \"data_type\",column_type AS \"column_type\" FROM information_schema.columns WHERE table_schema=:database AND table_name=:table) at /home/logodesi/domains/api.logo-design360.com/public_html/wmta-api/vendor/laravel/framework/src/Illuminate/Database/Connection.php:692)
[stacktrace]
#0 /home/logodesi/domains/api.logo-design360.com/public_html/wmta-api/vendor/laravel/framework/src/Illuminate/Database/Connection.php(652): Illuminate\\Database\\Connection->runQueryCallback('SELECT column_n...', Array, Object(Closure))
#1 /home/logodesi/domains/api.logo-design360.com/public_html/wmta-api/vendor/laravel/framework/src/Illuminate/Database/Connection.php(360): Illuminate\\Database\\Connection->run('SELECT column_n...', Array, Object(Closure))
#2 /home/logodesi/domains/api.logo-design360.com/public_html/wmta-api/vendor/laravel/framework/src/Illuminate/Database/DatabaseManager.php(388): Illuminate\\Database\\Connection->select('SELECT column_n...', Array)
#3 /home/logodesi/domains/api.logo-design360.com/public_html/wmta-api/vendor/laravel/framework/src/Illuminate/Support/Facades/Facade.php(261): Illuminate\\Database\\DatabaseManager->__call('select', Array)
#4 /home/logodesi/domains/api.logo-design360.com/public_html/wmta-api/vendor/haruncpi/laravel-id-generator/src/IdGenerator.php(23): Illuminate\\Support\\Facades\\Facade::__callStatic('select', Array)
#5 /home/logodesi/domains/api.logo-design360.com/public_html/wmta-api/vendor/haruncpi/laravel-id-generator/src/IdGenerator.php(71): Haruncpi\\LaravelIdGenerator\\IdGenerator->getFieldType('users', 'user_id')
#6 /home/logodesi/domains/api.logo-design360.com/public_html/wmta-api/app/Http/Controllers/Controller.php(86): Haruncpi\\LaravelIdGenerator\\IdGenerator::generate(Array)
#7 /home/logodesi/domains/api.logo-design360.com/public_html/wmta-api/app/Http/Controllers/AuthController.php(84): App\\Http\\Controllers\\Controller->getLastNumber()
#8 /home/logodesi/domains/api.logo-design360.com/public_html/wmta-api/vendor/laravel/framework/src/Illuminate/Routing/Controller.php(54): App\\Http\\Controllers\\AuthController->register(Object(Illuminate\\Http\\Request))
#9 /home/logodesi/domains/api.logo-design360.com/public_html/wmta-api/vendor/laravel/framework/src/Illuminate/Routing/ControllerDispatcher.php(45): Illuminate\\Routing\\Controller->callAction('register', Array)
#10 /home/logodesi/domains/api.logo-design360.com/public_html/wmta-api/vendor/laravel/framework/src/Illuminate/Routing/Route.php(254): Illuminate\\Routing\\ControllerDispatcher->dispatch(Object(Illuminate\\Routing\\Route), Object(App\\Http\\Controllers\\AuthController), 'register')
#11 /home/logodesi/domains/api.logo-design360.com/public_html/wmta-api/vendor/laravel/framework/src/Illuminate/Routing/Route.php(197): Illuminate\\Routing\\Route->runController()
#12 /home/logodesi/domains/api.logo-design360.com/public_html/wmta-api/vendor/laravel/framework/src/Illuminate/Routing/Router.php(695): Illuminate\\Routing\\Route->run()
#13 /home/logodesi/domains/api.logo-design360.com/public_html/wmta-api/vendor/laravel/framework/src/Illuminate/Pipeline/Pipeline.php(128): Illuminate\\Routing\\Router->Illuminate\\Routing\\{closure}(Object(Illuminate\\Http\\Request))
#14 /home/logodesi/domains/api.logo-design360.com/public_html/wmta-api/vendor/laravel/framework/src/Illuminate/Routing/Middleware/SubstituteBindings.php(50): Illuminate\\Pipeline\\Pipeline->Illuminate\\Pipeline\\{closure}(Object(Illuminate\\Http\\Request))
#15 /home/logodesi/domains/api.logo-design360.com/public_html/wmta-api/vendor/laravel/framework/src/Illuminate/Pipeline/Pipeline.php(167): Illuminate\\Routing\\Middleware\\SubstituteBindings->handle(Object(Illuminate\\Http\\Request), Object(Closure))
#16 /home/logodesi/domains/api.logo-design360.com/public_html/wmta-api/vendor/laravel/framework/src/Illuminate/Routing/Middleware/ThrottleRequests.php(127): Illuminate\\Pipeline\\Pipeline->Illuminate\\Pipeline\\{closure}(Object(Illuminate\\Http\\Request))
#17 /home/logodesi/domains/api.logo-design360.com/public_html/wmta-api/vendor/laravel/framework/src/Illuminate/Routing/Middleware/ThrottleRequests.php(63): Illuminate\\Routing\\Middleware\\ThrottleRequests->handleRequest(Object(Illuminate\\Http\\Request), Object(Closure), Array)
#18 /home/logodesi/domains/api.logo-design360.com/public_html/wmta-api/vendor/laravel/framework/src/Illuminate/Pipeline/Pipeline.php(167): Illuminate\\Routing\\Middleware\\ThrottleRequests->handle(Object(Illuminate\\Http\\Request), Object(Closure), '60', '1')
#19 /home/logodesi/domains/api.logo-design360.com/public_html/wmta-api/vendor/laravel/sanctum/src/Http/Middleware/EnsureFrontendRequestsAreStateful.php(33): Illuminate\\Pipeline\\Pipeline->Illuminate\\Pipeline\\{closure}(Object(Illuminate\\Http\\Request))
#20 /home/logodesi/domains/api.logo-design360.com/public_html/wmta-api/vendor/laravel/framework/src/Illuminate/Pipeline/Pipeline.php(128): Laravel\\Sanctum\\Http\\Middleware\\EnsureFrontendRequestsAreStateful->Laravel\\Sanctum\\Http\\Middleware\\{closure}(Object(Illuminate\\Http\\Request))
#21 /home/logodesi/domains/api.logo-design360.com/public_html/wmta-api/vendor/laravel/framework/src/Illuminate/Pipeline/Pipeline.php(103): Illuminate\\Pipeline\\Pipeline->Illuminate\\Pipeline\\{closure}(Object(Illuminate\\Http\\Request))
#22 /home/logodesi/domains/api.logo-design360.com/public_html/wmta-api/vendor/laravel/sanctum/src/Http/Middleware/EnsureFrontendRequestsAreStateful.php(34): Illuminate\\Pipeline\\Pipeline->then(Object(Closure))
#23 /home/logodesi/domains/api.logo-design360.com/public_html/wmta-api/vendor/laravel/framework/src/Illuminate/Pipeline/Pipeline.php(167): Laravel\\Sanctum\\Http\\Middleware\\EnsureFrontendRequestsAreStateful->handle(Object(Illuminate\\Http\\Request), Object(Closure))
#24 /home/logodesi/domains/api.logo-design360.com/public_html/wmta-api/vendor/laravel/framework/src/Illuminate/Pipeline/Pipeline.php(103): Illuminate\\Pipeline\\Pipeline->Illuminate\\Pipeline\\{closure}(Object(Illuminate\\Http\\Request))
#25 /home/logodesi/domains/api.logo-design360.com/public_html/wmta-api/vendor/laravel/framework/src/Illuminate/Routing/Router.php(697): Illuminate\\Pipeline\\Pipeline->then(Object(Closure))
#26 /home/logodesi/domains/api.logo-design360.com/public_html/wmta-api/vendor/laravel/framework/src/Illuminate/Routing/Router.php(672): Illuminate\\Routing\\Router->runRouteWithinStack(Object(Illuminate\\Routing\\Route), Object(Illuminate\\Http\\Request))
#27 /home/logodesi/domains/api.logo-design360.com/public_html/wmta-api/vendor/laravel/framework/src/Illuminate/Routing/Router.php(636): Illuminate\\Routing\\Router->runRoute(Object(Illuminate\\Http\\Request), Object(Illuminate\\Routing\\Route))
#28 /home/logodesi/domains/api.logo-design360.com/public_html/wmta-api/vendor/laravel/framework/src/Illuminate/Routing/Router.php(625): Illuminate\\Routing\\Router->dispatchToRoute(Object(Illuminate\\Http\\Request))
#29 /home/logodesi/domains/api.logo-design360.com/public_html/wmta-api/vendor/laravel/framework/src/Illuminate/Foundation/Http/Kernel.php(166): Illuminate\\Routing\\Router->dispatch(Object(Illuminate\\Http\\Request))
#30 /home/logodesi/domains/api.logo-design360.com/public_html/wmta-api/vendor/laravel/framework/src/Illuminate/Pipeline/Pipeline.php(128): Illuminate\\Foundation\\Http\\Kernel->Illuminate\\Foundation\\Http\\{closure}(Object(Illuminate\\Http\\Request))
#31 /home/logodesi/domains/api.logo-design360.com/public_html/wmta-api/vendor/laravel/framework/src/Illuminate/Foundation/Http/Middleware/TransformsRequest.php(21): Illuminate\\Pipeline\\Pipeline->Illuminate\\Pipeline\\{closure}(Object(Illuminate\\Http\\Request))
#32 /home/logodesi/domains/api.logo-design360.com/public_html/wmta-api/vendor/laravel/framework/src/Illuminate/Foundation/Http/Middleware/ConvertEmptyStringsToNull.php(31): Illuminate\\Foundation\\Http\\Middleware\\TransformsRequest->handle(Object(Illuminate\\Http\\Request), Object(Closure))
#33 /home/logodesi/domains/api.logo-design360.com/public_html/wmta-api/vendor/laravel/framework/src/Illuminate/Pipeline/Pipeline.php(167): Illuminate\\Foundation\\Http\\Middleware\\ConvertEmptyStringsToNull->handle(Object(Illuminate\\Http\\Request), Object(Closure))
#34 /home/logodesi/domains/api.logo-design360.com/public_html/wmta-api/vendor/laravel/framework/src/Illuminate/Foundation/Http/Middleware/TransformsRequest.php(21): Illuminate\\Pipeline\\Pipeline->Illuminate\\Pipeline\\{closure}(Object(Illuminate\\Http\\Request))
#35 /home/logodesi/domains/api.logo-design360.com/public_html/wmta-api/vendor/laravel/framework/src/Illuminate/Foundation/Http/Middleware/TrimStrings.php(40): Illuminate\\Foundation\\Http\\Middleware\\TransformsRequest->handle(Object(Illuminate\\Http\\Request), Object(Closure))
#36 /home/logodesi/domains/api.logo-design360.com/public_html/wmta-api/vendor/laravel/framework/src/Illuminate/Pipeline/Pipeline.php(167): Illuminate\\Foundation\\Http\\Middleware\\TrimStrings->handle(Object(Illuminate\\Http\\Request), Object(Closure))
#37 /home/logodesi/domains/api.logo-design360.com/public_html/wmta-api/vendor/laravel/framework/src/Illuminate/Foundation/Http/Middleware/ValidatePostSize.php(27): Illuminate\\Pipeline\\Pipeline->Illuminate\\Pipeline\\{closure}(Object(Illuminate\\Http\\Request))
#38 /home/logodesi/domains/api.logo-design360.com/public_html/wmta-api/vendor/laravel/framework/src/Illuminate/Pipeline/Pipeline.php(167): Illuminate\\Foundation\\Http\\Middleware\\ValidatePostSize->handle(Object(Illuminate\\Http\\Request), Object(Closure))
#39 /home/logodesi/domains/api.logo-design360.com/public_html/wmta-api/vendor/laravel/framework/src/Illuminate/Foundation/Http/Middleware/PreventRequestsDuringMaintenance.php(86): Illuminate\\Pipeline\\Pipeline->Illuminate\\Pipeline\\{closure}(Object(Illuminate\\Http\\Request))
#40 /home/logodesi/domains/api.logo-design360.com/public_html/wmta-api/vendor/laravel/framework/src/Illuminate/Pipeline/Pipeline.php(167): Illuminate\\Foundation\\Http\\Middleware\\PreventRequestsDuringMaintenance->handle(Object(Illuminate\\Http\\Request), Object(Closure))
#41 /home/logodesi/domains/api.logo-design360.com/public_html/wmta-api/vendor/fruitcake/laravel-cors/src/HandleCors.php(52): Illuminate\\Pipeline\\Pipeline->Illuminate\\Pipeline\\{closure}(Object(Illuminate\\Http\\Request))
#42 /home/logodesi/domains/api.logo-design360.com/public_html/wmta-api/vendor/laravel/framework/src/Illuminate/Pipeline/Pipeline.php(167): Fruitcake\\Cors\\HandleCors->handle(Object(Illuminate\\Http\\Request), Object(Closure))
#43 /home/logodesi/domains/api.logo-design360.com/public_html/wmta-api/vendor/laravel/framework/src/Illuminate/Http/Middleware/TrustProxies.php(39): Illuminate\\Pipeline\\Pipeline->Illuminate\\Pipeline\\{closure}(Object(Illuminate\\Http\\Request))
#44 /home/logodesi/domains/api.logo-design360.com/public_html/wmta-api/vendor/laravel/framework/src/Illuminate/Pipeline/Pipeline.php(167): Illuminate\\Http\\Middleware\\TrustProxies->handle(Object(Illuminate\\Http\\Request), Object(Closure))
#45 /home/logodesi/domains/api.logo-design360.com/public_html/wmta-api/vendor/laravel/framework/src/Illuminate/Pipeline/Pipeline.php(103): Illuminate\\Pipeline\\Pipeline->Illuminate\\Pipeline\\{closure}(Object(Illuminate\\Http\\Request))
#46 /home/logodesi/domains/api.logo-design360.com/public_html/wmta-api/vendor/laravel/framework/src/Illuminate/Foundation/Http/Kernel.php(141): Illuminate\\Pipeline\\Pipeline->then(Object(Closure))
#47 /home/logodesi/domains/api.logo-design360.com/public_html/wmta-api/vendor/laravel/framework/src/Illuminate/Foundation/Http/Kernel.php(110): Illuminate\\Foundation\\Http\\Kernel->sendRequestThroughRouter(Object(Illuminate\\Http\\Request))
#48 /home/logodesi/domains/api.logo-design360.com/public_html/wmta-api/public/index.php(52): Illuminate\\Foundation\\Http\\Kernel->handle(Object(Illuminate\\Http\\Request))
#49 {main}

[previous exception] [object] (PDOException(code: 1045): SQLSTATE[HY000] [1045] Access denied for user 'root'@'localhost' (using password: YES) at /home/logodesi/domains/api.logo-design360.com/public_html/wmta-api/vendor/laravel/framework/src/Illuminate/Database/Connectors/Connector.php:70)
[stacktrace]
#0 /home/logodesi/domains/api.logo-design360.com/public_html/wmta-api/vendor/laravel/framework/src/Illuminate/Database/Connectors/Connector.php(70): PDO->__construct('mysql:host=127....', 'root', 'i@Passw0rd', Array)
#1 /home/logodesi/domains/api.logo-design360.com/public_html/wmta-api/vendor/laravel/framework/src/Illuminate/Database/Connectors/Connector.php(46): Illuminate\\Database\\Connectors\\Connector->createPdoConnection('mysql:host=127....', 'root', 'i@Passw0rd', Array)
#2 /home/logodesi/domains/api.logo-design360.com/public_html/wmta-api/vendor/laravel/framework/src/Illuminate/Database/Connectors/MySqlConnector.php(24): Illuminate\\Database\\Connectors\\Connector->createConnection('mysql:host=127....', Array, Array)
#3 /home/logodesi/domains/api.logo-design360.com/public_html/wmta-api/vendor/laravel/framework/src/Illuminate/Database/Connectors/ConnectionFactory.php(184): Illuminate\\Database\\Connectors\\MySqlConnector->connect(Array)
#4 [internal function]: Illuminate\\Database\\Connectors\\ConnectionFactory->Illuminate\\Database\\Connectors\\{closure}()
#5 /home/logodesi/domains/api.logo-design360.com/public_html/wmta-api/vendor/laravel/framework/src/Illuminate/Database/Connection.php(997): call_user_func(Object(Closure))
#6 /home/logodesi/domains/api.logo-design360.com/public_html/wmta-api/vendor/laravel/framework/src/Illuminate/Database/Connection.php(1033): Illuminate\\Database\\Connection->getPdo()
#7 /home/logodesi/domains/api.logo-design360.com/public_html/wmta-api/vendor/laravel/framework/src/Illuminate/Database/Connection.php(426): Illuminate\\Database\\Connection->getReadPdo()
#8 /home/logodesi/domains/api.logo-design360.com/public_html/wmta-api/vendor/laravel/framework/src/Illuminate/Database/Connection.php(352): Illuminate\\Database\\Connection->getPdoForSelect(true)
#9 /home/logodesi/domains/api.logo-design360.com/public_html/wmta-api/vendor/laravel/framework/src/Illuminate/Database/Connection.php(685): Illuminate\\Database\\Connection->Illuminate\\Database\\{closure}('SELECT column_n...', Array)
#10 /home/logodesi/domains/api.logo-design360.com/public_html/wmta-api/vendor/laravel/framework/src/Illuminate/Database/Connection.php(652): Illuminate\\Database\\Connection->runQueryCallback('SELECT column_n...', Array, Object(Closure))
#11 /home/logodesi/domains/api.logo-design360.com/public_html/wmta-api/vendor/laravel/framework/src/Illuminate/Database/Connection.php(360): Illuminate\\Database\\Connection->run('SELECT column_n...', Array, Object(Closure))
#12 /home/logodesi/domains/api.logo-design360.com/public_html/wmta-api/vendor/laravel/framework/src/Illuminate/Database/DatabaseManager.php(388): Illuminate\\Database\\Connection->select('SELECT column_n...', Array)
#13 /home/logodesi/domains/api.logo-design360.com/public_html/wmta-api/vendor/laravel/framework/src/Illuminate/Support/Facades/Facade.php(261): Illuminate\\Database\\DatabaseManager->__call('select', Array)
#14 /home/logodesi/domains/api.logo-design360.com/public_html/wmta-api/vendor/haruncpi/laravel-id-generator/src/IdGenerator.php(23): Illuminate\\Support\\Facades\\Facade::__callStatic('select', Array)
#15 /home/logodesi/domains/api.logo-design360.com/public_html/wmta-api/vendor/haruncpi/laravel-id-generator/src/IdGenerator.php(71): Haruncpi\\LaravelIdGenerator\\IdGenerator->getFieldType('users', 'user_id')
#16 /home/logodesi/domains/api.logo-design360.com/public_html/wmta-api/app/Http/Controllers/Controller.php(86): Haruncpi\\LaravelIdGenerator\\IdGenerator::generate(Array)
#17 /home/logodesi/domains/api.logo-design360.com/public_html/wmta-api/app/Http/Controllers/AuthController.php(84): App\\Http\\Controllers\\Controller->getLastNumber()
#18 /home/logodesi/domains/api.logo-design360.com/public_html/wmta-api/vendor/laravel/framework/src/Illuminate/Routing/Controller.php(54): App\\Http\\Controllers\\AuthController->register(Object(Illuminate\\Http\\Request))
#19 /home/logodesi/domains/api.logo-design360.com/public_html/wmta-api/vendor/laravel/framework/src/Illuminate/Routing/ControllerDispatcher.php(45): Illuminate\\Routing\\Controller->callAction('register', Array)
#20 /home/logodesi/domains/api.logo-design360.com/public_html/wmta-api/vendor/laravel/framework/src/Illuminate/Routing/Route.php(254): Illuminate\\Routing\\ControllerDispatcher->dispatch(Object(Illuminate\\Routing\\Route), Object(App\\Http\\Controllers\\AuthController), 'register')
#21 /home/logodesi/domains/api.logo-design360.com/public_html/wmta-api/vendor/laravel/framework/src/Illuminate/Routing/Route.php(197): Illuminate\\Routing\\Route->runController()
#22 /home/logodesi/domains/api.logo-design360.com/public_html/wmta-api/vendor/laravel/framework/src/Illuminate/Routing/Router.php(695): Illuminate\\Routing\\Route->run()
#23 /home/logodesi/domains/api.logo-design360.com/public_html/wmta-api/vendor/laravel/framework/src/Illuminate/Pipeline/Pipeline.php(128): Illuminate\\Routing\\Router->Illuminate\\Routing\\{closure}(Object(Illuminate\\Http\\Request))
#24 /home/logodesi/domains/api.logo-design360.com/public_html/wmta-api/vendor/laravel/framework/src/Illuminate/Routing/Middleware/SubstituteBindings.php(50): Illuminate\\Pipeline\\Pipeline->Illuminate\\Pipeline\\{closure}(Object(Illuminate\\Http\\Request))
#25 /home/logodesi/domains/api.logo-design360.com/public_html/wmta-api/vendor/laravel/framework/src/Illuminate/Pipeline/Pipeline.php(167): Illuminate\\Routing\\Middleware\\SubstituteBindings->handle(Object(Illuminate\\Http\\Request), Object(Closure))
#26 /home/logodesi/domains/api.logo-design360.com/public_html/wmta-api/vendor/laravel/framework/src/Illuminate/Routing/Middleware/ThrottleRequests.php(127): Illuminate\\Pipeline\\Pipeline->Illuminate\\Pipeline\\{closure}(Object(Illuminate\\Http\\Request))
#27 /home/logodesi/domains/api.logo-design360.com/public_html/wmta-api/vendor/laravel/framework/src/Illuminate/Routing/Middleware/ThrottleRequests.php(63): Illuminate\\Routing\\Middleware\\ThrottleRequests->handleRequest(Object(Illuminate\\Http\\Request), Object(Closure), Array)
#28 /home/logodesi/domains/api.logo-design360.com/public_html/wmta-api/vendor/laravel/framework/src/Illuminate/Pipeline/Pipeline.php(167): Illuminate\\Routing\\Middleware\\ThrottleRequests->handle(Object(Illuminate\\Http\\Request), Object(Closure), '60', '1')
#29 /home/logodesi/domains/api.logo-design360.com/public_html/wmta-api/vendor/laravel/sanctum/src/Http/Middleware/EnsureFrontendRequestsAreStateful.php(33): Illuminate\\Pipeline\\Pipeline->Illuminate\\Pipeline\\{closure}(Object(Illuminate\\Http\\Request))
#30 /home/logodesi/domains/api.logo-design360.com/public_html/wmta-api/vendor/laravel/framework/src/Illuminate/Pipeline/Pipeline.php(128): Laravel\\Sanctum\\Http\\Middleware\\EnsureFrontendRequestsAreStateful->Laravel\\Sanctum\\Http\\Middleware\\{closure}(Object(Illuminate\\Http\\Request))
#31 /home/logodesi/domains/api.logo-design360.com/public_html/wmta-api/vendor/laravel/framework/src/Illuminate/Pipeline/Pipeline.php(103): Illuminate\\Pipeline\\Pipeline->Illuminate\\Pipeline\\{closure}(Object(Illuminate\\Http\\Request))
#32 /home/logodesi/domains/api.logo-design360.com/public_html/wmta-api/vendor/laravel/sanctum/src/Http/Middleware/EnsureFrontendRequestsAreStateful.php(34): Illuminate\\Pipeline\\Pipeline->then(Object(Closure))
#33 /home/logodesi/domains/api.logo-design360.com/public_html/wmta-api/vendor/laravel/framework/src/Illuminate/Pipeline/Pipeline.php(167): Laravel\\Sanctum\\Http\\Middleware\\EnsureFrontendRequestsAreStateful->handle(Object(Illuminate\\Http\\Request), Object(Closure))
#34 /home/logodesi/domains/api.logo-design360.com/public_html/wmta-api/vendor/laravel/framework/src/Illuminate/Pipeline/Pipeline.php(103): Illuminate\\Pipeline\\Pipeline->Illuminate\\Pipeline\\{closure}(Object(Illuminate\\Http\\Request))
#35 /home/logodesi/domains/api.logo-design360.com/public_html/wmta-api/vendor/laravel/framework/src/Illuminate/Routing/Router.php(697): Illuminate\\Pipeline\\Pipeline->then(Object(Closure))
#36 /home/logodesi/domains/api.logo-design360.com/public_html/wmta-api/vendor/laravel/framework/src/Illuminate/Routing/Router.php(672): Illuminate\\Routing\\Router->runRouteWithinStack(Object(Illuminate\\Routing\\Route), Object(Illuminate\\Http\\Request))
#37 /home/logodesi/domains/api.logo-design360.com/public_html/wmta-api/vendor/laravel/framework/src/Illuminate/Routing/Router.php(636): Illuminate\\Routing\\Router->runRoute(Object(Illuminate\\Http\\Request), Object(Illuminate\\Routing\\Route))
#38 /home/logodesi/domains/api.logo-design360.com/public_html/wmta-api/vendor/laravel/framework/src/Illuminate/Routing/Router.php(625): Illuminate\\Routing\\Router->dispatchToRoute(Object(Illuminate\\Http\\Request))
#39 /home/logodesi/domains/api.logo-design360.com/public_html/wmta-api/vendor/laravel/framework/src/Illuminate/Foundation/Http/Kernel.php(166): Illuminate\\Routing\\Router->dispatch(Object(Illuminate\\Http\\Request))
#40 /home/logodesi/domains/api.logo-design360.com/public_html/wmta-api/vendor/laravel/framework/src/Illuminate/Pipeline/Pipeline.php(128): Illuminate\\Foundation\\Http\\Kernel->Illuminate\\Foundation\\Http\\{closure}(Object(Illuminate\\Http\\Request))
#41 /home/logodesi/domains/api.logo-design360.com/public_html/wmta-api/vendor/laravel/framework/src/Illuminate/Foundation/Http/Middleware/TransformsRequest.php(21): Illuminate\\Pipeline\\Pipeline->Illuminate\\Pipeline\\{closure}(Object(Illuminate\\Http\\Request))
#42 /home/logodesi/domains/api.logo-design360.com/public_html/wmta-api/vendor/laravel/framework/src/Illuminate/Foundation/Http/Middleware/ConvertEmptyStringsToNull.php(31): Illuminate\\Foundation\\Http\\Middleware\\TransformsRequest->handle(Object(Illuminate\\Http\\Request), Object(Closure))
#43 /home/logodesi/domains/api.logo-design360.com/public_html/wmta-api/vendor/laravel/framework/src/Illuminate/Pipeline/Pipeline.php(167): Illuminate\\Foundation\\Http\\Middleware\\ConvertEmptyStringsToNull->handle(Object(Illuminate\\Http\\Request), Object(Closure))
#44 /home/logodesi/domains/api.logo-design360.com/public_html/wmta-api/vendor/laravel/framework/src/Illuminate/Foundation/Http/Middleware/TransformsRequest.php(21): Illuminate\\Pipeline\\Pipeline->Illuminate\\Pipeline\\{closure}(Object(Illuminate\\Http\\Request))
#45 /home/logodesi/domains/api.logo-design360.com/public_html/wmta-api/vendor/laravel/framework/src/Illuminate/Foundation/Http/Middleware/TrimStrings.php(40): Illuminate\\Foundation\\Http\\Middleware\\TransformsRequest->handle(Object(Illuminate\\Http\\Request), Object(Closure))
#46 /home/logodesi/domains/api.logo-design360.com/public_html/wmta-api/vendor/laravel/framework/src/Illuminate/Pipeline/Pipeline.php(167): Illuminate\\Foundation\\Http\\Middleware\\TrimStrings->handle(Object(Illuminate\\Http\\Request), Object(Closure))
#47 /home/logodesi/domains/api.logo-design360.com/public_html/wmta-api/vendor/laravel/framework/src/Illuminate/Foundation/Http/Middleware/ValidatePostSize.php(27): Illuminate\\Pipeline\\Pipeline->Illuminate\\Pipeline\\{closure}(Object(Illuminate\\Http\\Request))
#48 /home/logodesi/domains/api.logo-design360.com/public_html/wmta-api/vendor/laravel/framework/src/Illuminate/Pipeline/Pipeline.php(167): Illuminate\\Foundation\\Http\\Middleware\\ValidatePostSize->handle(Object(Illuminate\\Http\\Request), Object(Closure))
#49 /home/logodesi/domains/api.logo-design360.com/public_html/wmta-api/vendor/laravel/framework/src/Illuminate/Foundation/Http/Middleware/PreventRequestsDuringMaintenance.php(86): Illuminate\\Pipeline\\Pipeline->Illuminate\\Pipeline\\{closure}(Object(Illuminate\\Http\\Request))
#50 /home/logodesi/domains/api.logo-design360.com/public_html/wmta-api/vendor/laravel/framework/src/Illuminate/Pipeline/Pipeline.php(167): Illuminate\\Foundation\\Http\\Middleware\\PreventRequestsDuringMaintenance->handle(Object(Illuminate\\Http\\Request), Object(Closure))
#51 /home/logodesi/domains/api.logo-design360.com/public_html/wmta-api/vendor/fruitcake/laravel-cors/src/HandleCors.php(52): Illuminate\\Pipeline\\Pipeline->Illuminate\\Pipeline\\{closure}(Object(Illuminate\\Http\\Request))
#52 /home/logodesi/domains/api.logo-design360.com/public_html/wmta-api/vendor/laravel/framework/src/Illuminate/Pipeline/Pipeline.php(167): Fruitcake\\Cors\\HandleCors->handle(Object(Illuminate\\Http\\Request), Object(Closure))
#53 /home/logodesi/domains/api.logo-design360.com/public_html/wmta-api/vendor/laravel/framework/src/Illuminate/Http/Middleware/TrustProxies.php(39): Illuminate\\Pipeline\\Pipeline->Illuminate\\Pipeline\\{closure}(Object(Illuminate\\Http\\Request))
#54 /home/logodesi/domains/api.logo-design360.com/public_html/wmta-api/vendor/laravel/framework/src/Illuminate/Pipeline/Pipeline.php(167): Illuminate\\Http\\Middleware\\TrustProxies->handle(Object(Illuminate\\Http\\Request), Object(Closure))
#55 /home/logodesi/domains/api.logo-design360.com/public_html/wmta-api/vendor/laravel/framework/src/Illuminate/Pipeline/Pipeline.php(103): Illuminate\\Pipeline\\Pipeline->Illuminate\\Pipeline\\{closure}(Object(Illuminate\\Http\\Request))
#56 /home/logodesi/domains/api.logo-design360.com/public_html/wmta-api/vendor/laravel/framework/src/Illuminate/Foundation/Http/Kernel.php(141): Illuminate\\Pipeline\\Pipeline->then(Object(Closure))
#57 /home/logodesi/domains/api.logo-design360.com/public_html/wmta-api/vendor/laravel/framework/src/Illuminate/Foundation/Http/Kernel.php(110): Illuminate\\Foundation\\Http\\Kernel->sendRequestThroughRouter(Object(Illuminate\\Http\\Request))
#58 /home/logodesi/domains/api.logo-design360.com/public_html/wmta-api/public/index.php(52): Illuminate\\Foundation\\Http\\Kernel->handle(Object(Illuminate\\Http\\Request))
#59 {main}
"} 
